stdout: 2019/07/08 18:45:22 stop
stdout: 2019/07/08 18:45:29 rm
stdout: 2019/07/08 18:45:32 remove
stdout: 2019/07/08 18:50:08 install
stdout: 2019/07/08 18:50:12 start
stdout: 2019/07/08 18:53:08 stop
stdout: 2019/07/08 18:53:16 remove
stdout: 2019/07/08 18:53:18 install
stdout: 2019/07/08 18:53:22 start
stdout: 2019/07/08 18:53:56 stop
stdout: 2019/07/08 18:54:03 remove
stdout: 2019/07/08 18:54:13 install
stdout: 2019/07/08 18:54:15 start
stdout: 2019/07/08 18:54:50 stop
stdout: 2019/07/08 18:54:58 remove
stdout: 2019/07/08 18:55:01 install
stdout: 2019/07/08 18:55:04 start
stdout: 2019/07/08 19:03:30 status
stdout: 2019/07/08 19:03:33 stop
stdout: 2019/07/08 19:03:41 remove
stdout: 2019/07/08 19:03:45 install
stdout: 2019/07/08 19:03:48 start
stdout: 2019/07/08 19:04:25 stop
stdout: 2019/07/08 19:04:42 remove
stdout: 2019/07/08 19:05:20 install
stdout: 2019/07/08 19:05:23 start
stdout: 2019/07/08 19:06:57 stop
stdout: 2019/07/08 19:07:06 remove
stdout: 2019/07/08 19:07:14 install
stdout: 2019/07/08 19:07:17 start
stdout: 2019/07/09 08:24:10 install
stderr: 2019/07/09 08:24:10 Install Sia Synchronization Service:					[[31mFAILED[0m] 
Error:  Service has already been installed
stdout: 2019/07/09 08:24:16 status
stdout: 2019/07/09 08:24:19 stop
stdout: 2019/07/09 08:24:26 remove
stdout: 2019/07/09 08:24:30 install
stdout: 2019/07/09 08:24:34 start
